TN:
SF:src\modules\appointments\services\CreateAppointmentService.ts
FN:13,(anonymous_18)
FN:14,CreateAppointmentService
FN:19,(anonymous_20)
FNF:3
FNH:3
FNDA:1,(anonymous_18)
FNDA:2,CreateAppointmentService
FNDA:3,(anonymous_20)
DA:1,1
DA:8,1
DA:10,1
DA:13,1
DA:16,2
DA:19,1
DA:20,3
DA:21,3
DA:23,3
DA:25,3
DA:29,3
DA:30,1
DA:33,2
DA:38,2
DA:40,1
DA:42,1
LF:16
LH:16
BRDA:29,0,0,1
BRDA:29,0,1,2
BRF:2
BRH:2
end_of_record
TN:
SF:src\modules\users\services\AuthenticateUserService.ts
FN:24,(anonymous_18)
FN:25,AuthenticateUserService
FN:33,(anonymous_20)
FNF:3
FNH:3
FNDA:1,(anonymous_18)
FNDA:4,AuthenticateUserService
FNDA:3,(anonymous_20)
DA:2,1
DA:3,1
DA:9,1
DA:10,1
DA:24,1
DA:27,4
DA:30,4
DA:33,3
DA:34,3
DA:36,3
DA:37,1
DA:40,2
DA:42,2
DA:43,1
DA:46,1
DA:48,1
DA:53,1
DA:58,1
DA:60,1
LF:19
LH:19
BRDA:34,0,0,3
BRDA:36,1,0,1
BRDA:36,1,1,2
BRDA:42,2,0,1
BRDA:42,2,1,1
BRF:5
BRH:5
end_of_record
TN:
SF:src\modules\users\services\CreateUserService.ts
FN:17,(anonymous_18)
FN:18,CreateUserService
FN:27,(anonymous_20)
FNF:3
FNH:3
FNDA:2,(anonymous_18)
FNDA:6,CreateUserService
FNDA:5,(anonymous_20)
DA:3,2
DA:7,2
DA:17,2
DA:21,6
DA:24,6
DA:27,5
DA:28,5
DA:30,5
DA:31,1
DA:34,4
DA:36,4
DA:42,4
DA:44,2
DA:46,2
LF:14
LH:14
BRDA:28,0,0,5
BRDA:30,1,0,1
BRDA:30,1,1,4
BRF:3
BRH:3
end_of_record
TN:
SF:src\modules\users\services\ResetPasswordService.ts
FN:20,(anonymous_18)
FN:21,ResetPasswordService
FN:33,(anonymous_20)
FNF:3
FNH:3
FNDA:1,(anonymous_18)
FNDA:4,ResetPasswordService
FNDA:4,(anonymous_20)
DA:3,1
DA:6,1
DA:8,1
DA:20,1
DA:23,4
DA:26,4
DA:29,4
DA:33,4
DA:34,4
DA:36,4
DA:37,1
DA:40,3
DA:42,3
DA:43,1
DA:46,2
DA:47,2
DA:49,2
DA:50,1
DA:53,1
DA:55,2
DA:57,1
DA:59,1
LF:22
LH:22
BRDA:34,0,0,4
BRDA:36,1,0,1
BRDA:36,1,1,3
BRDA:40,2,0,0
BRDA:40,2,1,3
BRDA:40,3,0,3
BRDA:40,3,1,3
BRDA:42,4,0,1
BRDA:42,4,1,2
BRDA:49,5,0,1
BRDA:49,5,1,1
BRF:11
BRH:10
end_of_record
TN:
SF:src\modules\users\services\SendForgotPasswordEmailService.ts
FN:17,(anonymous_18)
FN:18,SendForgotPasswordEmailService
FN:31,(anonymous_20)
FNF:3
FNH:3
FNDA:1,(anonymous_18)
FNDA:3,SendForgotPasswordEmailService
FNDA:3,(anonymous_20)
DA:3,1
DA:6,1
DA:8,1
DA:17,1
DA:20,3
DA:23,3
DA:27,3
DA:31,3
DA:32,3
DA:34,3
DA:35,1
DA:38,2
DA:40,2
DA:42,4
DA:57,1
DA:59,1
LF:16
LH:16
BRDA:32,0,0,3
BRDA:34,1,0,1
BRDA:34,1,1,2
BRF:3
BRH:3
end_of_record
TN:
SF:src\modules\users\services\ShowUserProfileService.ts
FN:13,(anonymous_18)
FN:14,ShowUserProfileService
FN:19,(anonymous_20)
FNF:3
FNH:3
FNDA:1,(anonymous_18)
FNDA:2,ShowUserProfileService
FNDA:2,(anonymous_20)
DA:2,1
DA:6,1
DA:13,1
DA:16,2
DA:19,2
DA:20,2
DA:22,2
DA:23,1
DA:26,1
DA:28,1
DA:30,1
LF:11
LH:11
BRDA:20,0,0,2
BRDA:22,1,0,1
BRDA:22,1,1,1
BRF:3
BRH:3
end_of_record
TN:
SF:src\modules\users\services\UpdateUserAvatarService.ts
FN:19,(anonymous_18)
FN:20,UpdateUserAvatarService
FN:28,(anonymous_20)
FNF:3
FNH:3
FNDA:1,(anonymous_18)
FNDA:3,UpdateUserAvatarService
FNDA:4,(anonymous_20)
DA:6,1
DA:10,1
DA:19,1
DA:22,3
DA:25,3
DA:28,4
DA:29,4
DA:30,4
DA:31,1
DA:34,5
DA:35,2
DA:38,3
DA:40,3
DA:42,6
DA:44,3
DA:46,1
DA:48,1
LF:17
LH:17
BRDA:29,0,0,4
BRDA:29,0,1,3
BRDA:30,1,0,1
BRDA:30,1,1,3
BRDA:34,2,0,2
BRDA:34,2,1,1
BRF:6
BRH:6
end_of_record
TN:
SF:src\modules\users\services\UpdateUserProfileService.ts
FN:24,(anonymous_18)
FN:25,UpdateUserProfileService
FN:33,(anonymous_20)
FNF:3
FNH:3
FNDA:1,(anonymous_18)
FNDA:6,UpdateUserProfileService
FNDA:6,(anonymous_20)
DA:6,1
DA:10,1
DA:24,1
DA:27,6
DA:30,6
DA:33,6
DA:34,6
DA:36,6
DA:37,1
DA:40,5
DA:42,5
DA:43,1
DA:46,4
DA:47,4
DA:49,4
DA:50,1
DA:55,4
DA:56,2
DA:58,2
DA:59,1
DA:62,1
DA:66,2
DA:68,1
DA:70,1
LF:24
LH:24
BRDA:34,0,0,6
BRDA:34,0,1,2
BRDA:36,1,0,1
BRDA:36,1,1,5
BRDA:42,2,0,1
BRDA:42,2,1,4
BRDA:42,3,0,5
BRDA:42,3,1,1
BRDA:49,4,0,1
BRDA:49,4,1,3
BRDA:49,5,0,4
BRDA:49,5,1,3
BRDA:55,6,0,1
BRDA:55,6,1,2
BRDA:55,7,0,3
BRDA:55,7,1,2
BRDA:58,8,0,1
BRDA:58,8,1,1
BRF:18
BRH:18
end_of_record
