TN:
SF:src\modules\appointments\services\CreateAppointmentService.ts
FN:15,(anonymous_18)
FN:16,CreateAppointmentService
FN:27,(anonymous_20)
FNF:3
FNH:3
FNDA:1,(anonymous_18)
FNDA:5,CreateAppointmentService
FNDA:7,(anonymous_20)
DA:1,1
DA:8,1
DA:10,1
DA:15,1
DA:18,5
DA:21,5
DA:24,5
DA:27,1
DA:28,7
DA:29,7
DA:30,7
DA:32,7
DA:34,7
DA:35,4
DA:38,3
DA:39,1
DA:42,2
DA:43,0
DA:48,2
DA:52,2
DA:53,0
DA:56,2
DA:62,2
DA:64,4
DA:69,4
DA:72,2
DA:74,1
DA:76,1
LF:28
LH:26
BRDA:34,0,0,4
BRDA:34,0,1,3
BRDA:38,1,0,1
BRDA:38,1,1,2
BRDA:42,2,0,0
BRDA:42,2,1,2
BRDA:42,3,0,2
BRDA:42,3,1,2
BRDA:52,4,0,0
BRDA:52,4,1,2
BRF:10
BRH:8
end_of_record
TN:
SF:src\modules\appointments\services\ListProviderAppointmentsService.ts
FN:16,(anonymous_17)
FN:17,ListProviderAppointmentsService
FN:25,(anonymous_19)
FNF:3
FNH:3
FNDA:1,(anonymous_17)
FNDA:1,ListProviderAppointmentsService
FNDA:1,(anonymous_19)
DA:2,1
DA:16,1
DA:19,1
DA:22,1
DA:25,1
DA:26,1
DA:27,1
DA:28,1
DA:29,1
DA:31,1
DA:33,1
DA:35,1
DA:36,1
DA:45,1
DA:48,2
DA:51,1
DA:53,1
DA:55,1
LF:18
LH:18
BRDA:48,0,0,1
BRDA:35,1,0,0
BRDA:35,1,1,1
BRF:3
BRH:2
end_of_record
TN:
SF:src\modules\appointments\services\ListProviderDayAvailabilityService.ts
FN:18,(anonymous_17)
FN:19,ListProviderDayAvailabilityService
FN:24,(anonymous_19)
FN:43,(anonymous_22)
FN:48,(anonymous_23)
FN:50,(anonymous_24)
FNF:6
FNH:6
FNDA:1,(anonymous_17)
FNDA:1,ListProviderDayAvailabilityService
FNDA:1,(anonymous_19)
FNDA:10,(anonymous_22)
FNDA:10,(anonymous_23)
FNDA:19,(anonymous_24)
DA:1,1
DA:2,1
DA:18,1
DA:21,1
DA:24,1
DA:25,1
DA:26,1
DA:27,1
DA:28,1
DA:30,1
DA:39,1
DA:41,1
DA:43,10
DA:46,1
DA:48,1
DA:49,10
DA:50,19
DA:53,10
DA:55,10
DA:61,1
DA:63,1
DA:65,1
LF:22
LH:22
BRDA:30,0,0,1
BRDA:57,1,0,10
BRDA:57,1,1,8
BRF:3
BRH:3
end_of_record
TN:
SF:src\modules\appointments\services\ListProviderMonthAvailabilityService.ts
FN:18,(anonymous_17)
FN:19,ListProviderMonthAvailabilityService
FN:24,(anonymous_19)
FN:41,(anonymous_22)
FN:44,(anonymous_23)
FN:45,(anonymous_24)
FNF:6
FNH:6
FNDA:1,(anonymous_17)
FNDA:1,ListProviderMonthAvailabilityService
FNDA:1,(anonymous_19)
FNDA:31,(anonymous_22)
FNDA:31,(anonymous_23)
FNDA:341,(anonymous_24)
DA:2,1
DA:3,1
DA:18,1
DA:21,1
DA:24,1
DA:25,1
DA:26,1
DA:27,1
DA:29,1
DA:37,1
DA:39,1
DA:41,31
DA:44,1
DA:45,31
DA:46,341
DA:49,31
DA:55,1
DA:57,1
DA:59,1
LF:19
LH:19
BRDA:29,0,0,1
BRF:1
BRH:1
end_of_record
TN:
SF:src\modules\appointments\services\ListProvidersService.ts
FN:12,(anonymous_17)
FN:13,ListProvidersService
FN:21,(anonymous_19)
FNF:3
FNH:3
FNDA:1,(anonymous_17)
FNDA:1,ListProvidersService
FNDA:1,(anonymous_19)
DA:2,1
DA:12,1
DA:15,1
DA:18,1
DA:21,1
DA:23,1
DA:25,1
DA:26,1
DA:30,1
DA:32,2
DA:35,1
DA:37,1
DA:39,1
LF:13
LH:13
BRDA:23,0,0,1
BRDA:23,0,1,1
BRDA:25,1,0,0
BRDA:25,1,1,1
BRF:4
BRH:3
end_of_record
TN:
SF:src\modules\users\services\AuthenticateUserService.ts
FN:24,(anonymous_18)
FN:25,AuthenticateUserService
FN:33,(anonymous_20)
FNF:3
FNH:3
FNDA:1,(anonymous_18)
FNDA:3,AuthenticateUserService
FNDA:3,(anonymous_20)
DA:2,1
DA:3,1
DA:9,1
DA:10,1
DA:24,1
DA:27,3
DA:30,3
DA:33,3
DA:34,3
DA:36,3
DA:37,1
DA:40,2
DA:42,2
DA:43,1
DA:46,1
DA:48,1
DA:53,1
DA:58,1
DA:60,1
LF:19
LH:19
BRDA:34,0,0,3
BRDA:36,1,0,1
BRDA:36,1,1,2
BRDA:42,2,0,1
BRDA:42,2,1,1
BRF:5
BRH:5
end_of_record
TN:
SF:src\modules\users\services\CreateUserService.ts
FN:18,(anonymous_18)
FN:19,CreateUserService
FN:31,(anonymous_20)
FNF:3
FNH:3
FNDA:1,(anonymous_18)
FNDA:2,CreateUserService
FNDA:3,(anonymous_20)
DA:3,1
DA:7,1
DA:18,1
DA:22,2
DA:25,2
DA:28,2
DA:31,3
DA:32,3
DA:34,3
DA:35,1
DA:38,2
DA:40,2
DA:46,4
DA:48,2
DA:50,1
DA:52,1
LF:16
LH:16
BRDA:32,0,0,3
BRDA:34,1,0,1
BRDA:34,1,1,2
BRF:3
BRH:3
end_of_record
TN:
SF:src\modules\users\services\ResetPasswordService.ts
FN:20,(anonymous_18)
FN:21,ResetPasswordService
FN:33,(anonymous_20)
FNF:3
FNH:3
FNDA:1,(anonymous_18)
FNDA:4,ResetPasswordService
FNDA:4,(anonymous_20)
DA:3,1
DA:6,1
DA:8,1
DA:20,1
DA:23,4
DA:26,4
DA:29,4
DA:33,4
DA:34,4
DA:36,4
DA:37,1
DA:40,3
DA:42,3
DA:43,1
DA:46,2
DA:47,2
DA:49,2
DA:50,1
DA:53,1
DA:55,2
DA:57,1
DA:59,1
LF:22
LH:22
BRDA:34,0,0,4
BRDA:36,1,0,1
BRDA:36,1,1,3
BRDA:40,2,0,0
BRDA:40,2,1,3
BRDA:40,3,0,3
BRDA:40,3,1,3
BRDA:42,4,0,1
BRDA:42,4,1,2
BRDA:49,5,0,1
BRDA:49,5,1,1
BRF:11
BRH:10
end_of_record
TN:
SF:src\modules\users\services\SendForgotPasswordEmailService.ts
FN:17,(anonymous_18)
FN:18,SendForgotPasswordEmailService
FN:29,(anonymous_20)
FNF:3
FNH:3
FNDA:1,(anonymous_18)
FNDA:3,SendForgotPasswordEmailService
FNDA:3,(anonymous_20)
DA:3,1
DA:6,1
DA:7,1
DA:17,1
DA:20,3
DA:23,3
DA:26,3
DA:29,3
DA:30,3
DA:32,3
DA:33,1
DA:36,2
DA:38,2
DA:45,4
DA:60,1
DA:62,1
LF:16
LH:16
BRDA:30,0,0,3
BRDA:32,1,0,1
BRDA:32,1,1,2
BRF:3
BRH:3
end_of_record
TN:
SF:src\modules\users\services\ShowUserProfileService.ts
FN:13,(anonymous_18)
FN:14,ShowUserProfileService
FN:19,(anonymous_20)
FNF:3
FNH:3
FNDA:1,(anonymous_18)
FNDA:2,ShowUserProfileService
FNDA:2,(anonymous_20)
DA:2,1
DA:6,1
DA:13,1
DA:16,2
DA:19,2
DA:20,2
DA:22,2
DA:23,1
DA:26,1
DA:28,1
DA:30,1
LF:11
LH:11
BRDA:20,0,0,2
BRDA:22,1,0,1
BRDA:22,1,1,1
BRF:3
BRH:3
end_of_record
TN:
SF:src\modules\users\services\UpdateUserAvatarService.ts
FN:19,(anonymous_18)
FN:20,UpdateUserAvatarService
FN:28,(anonymous_20)
FNF:3
FNH:3
FNDA:1,(anonymous_18)
FNDA:3,UpdateUserAvatarService
FNDA:4,(anonymous_20)
DA:6,1
DA:10,1
DA:19,1
DA:22,3
DA:25,3
DA:28,4
DA:29,4
DA:30,4
DA:31,1
DA:34,5
DA:35,2
DA:38,3
DA:40,3
DA:42,6
DA:44,3
DA:46,1
DA:48,1
LF:17
LH:17
BRDA:29,0,0,4
BRDA:29,0,1,3
BRDA:30,1,0,1
BRDA:30,1,1,3
BRDA:34,2,0,2
BRDA:34,2,1,1
BRF:6
BRH:6
end_of_record
TN:
SF:src\modules\users\services\UpdateUserProfileService.ts
FN:24,(anonymous_18)
FN:25,UpdateUserProfileService
FN:33,(anonymous_20)
FNF:3
FNH:3
FNDA:1,(anonymous_18)
FNDA:6,UpdateUserProfileService
FNDA:6,(anonymous_20)
DA:6,1
DA:10,1
DA:24,1
DA:27,6
DA:30,6
DA:33,6
DA:34,6
DA:36,6
DA:37,1
DA:40,5
DA:42,5
DA:43,1
DA:46,4
DA:47,4
DA:49,4
DA:50,1
DA:55,4
DA:56,2
DA:58,2
DA:59,1
DA:62,1
DA:66,2
DA:68,1
DA:70,1
LF:24
LH:24
BRDA:34,0,0,6
BRDA:34,0,1,2
BRDA:36,1,0,1
BRDA:36,1,1,5
BRDA:42,2,0,1
BRDA:42,2,1,4
BRDA:42,3,0,5
BRDA:42,3,1,1
BRDA:49,4,0,1
BRDA:49,4,1,3
BRDA:49,5,0,4
BRDA:49,5,1,3
BRDA:55,6,0,1
BRDA:55,6,1,2
BRDA:55,7,0,3
BRDA:55,7,1,2
BRDA:58,8,0,1
BRDA:58,8,1,1
BRF:18
BRH:18
end_of_record
